Using pre-set license
Built from '2021.3/staging' branch; Version is '2021.3.10f1 (1c7d0df0160b) revision 1867021'; Using compiler version '192829333'; Build Type 'Release'
OS: 'Windows 10  (10.0.19044) 64bit Professional' Language: 'en' Physical Memory: 24510 MB
BatchMode: 1, IsHumanControllingUs: 0, StartBugReporterOnCrash: 0, Is64bit: 1, IsPro: 1

COMMAND LINE ARGUMENTS:
D:\Unity Engines\2021.3.10f1\Editor\Unity.exe
-adb2
-batchMode
-noUpm
-name
AssetImportWorker2
-projectPath
D:/Unity Projects/UnidosGameJam
-logFile
Logs/AssetImportWorker2.log
-srvPort
53441
Successfully changed project path to: D:/Unity Projects/UnidosGameJam
D:/Unity Projects/UnidosGameJam
[UnityMemory] Configuration Parameters - Can be set up in boot.config
    "memorysetup-bucket-allocator-granularity=16"
    "memorysetup-bucket-allocator-bucket-count=8"
    "memorysetup-bucket-allocator-block-size=33554432"
    "memorysetup-bucket-allocator-block-count=8"
    "memorysetup-main-allocator-block-size=16777216"
    "memorysetup-thread-allocator-block-size=16777216"
    "memorysetup-gfx-main-allocator-block-size=16777216"
    "memorysetup-gfx-thread-allocator-block-size=16777216"
    "memorysetup-cache-allocator-block-size=4194304"
    "memorysetup-typetree-allocator-block-size=2097152"
    "memorysetup-profiler-bucket-allocator-granularity=16"
    "memorysetup-profiler-bucket-allocator-bucket-count=8"
    "memorysetup-profiler-bucket-allocator-block-size=33554432"
    "memorysetup-profiler-bucket-allocator-block-count=8"
    "memorysetup-profiler-allocator-block-size=16777216"
    "memorysetup-profiler-editor-allocator-block-size=1048576"
    "memorysetup-temp-allocator-size-main=16777216"
    "memorysetup-job-temp-allocator-block-size=2097152"
    "memorysetup-job-temp-allocator-block-size-background=1048576"
    "memorysetup-job-temp-allocator-reduction-small-platforms=262144"
    "memorysetup-temp-allocator-size-background-worker=32768"
    "memorysetup-temp-allocator-size-job-worker=262144"
    "memorysetup-temp-allocator-size-preload-manager=33554432"
    "memorysetup-temp-allocator-size-nav-mesh-worker=65536"
    "memorysetup-temp-allocator-size-audio-worker=65536"
    "memorysetup-temp-allocator-size-cloud-worker=32768"
    "memorysetup-temp-allocator-size-gi-baking-worker=262144"
    "memorysetup-temp-allocator-size-gfx=262144"
Refreshing native plugins compatible for Editor in 152.49 ms, found 4 plugins.
Preloading 0 native plugins for Editor in 0.00 ms.
Initialize engine version: 2021.3.10f1 (1c7d0df0160b)
[Subsystems] Discovering subsystems at path D:/Unity Engines/2021.3.10f1/Editor/Data/Resources/UnitySubsystems
[Subsystems] Discovering subsystems at path D:/Unity Projects/UnidosGameJam/Assets
GfxDevice: creating device client; threaded=0; jobified=0
Direct3D:
    Version:  Direct3D 11.0 [level 11.1]
    Renderer: Radeon RX 570 Series (ID=0x67df)
    Vendor:   ATI
    VRAM:     8170 MB
    Driver:   30.0.15021.11005
Initialize mono
Mono path[0] = 'D:/Unity Engines/2021.3.10f1/Editor/Data/Managed'
Mono path[1] = 'D:/Unity Engines/2021.3.10f1/Editor/Data/MonoBleedingEdge/lib/mono/unityjit-win32'
Mono config path = 'D:/Unity Engines/2021.3.10f1/Editor/Data/MonoBleedingEdge/etc'
Using monoOptions --debugger-agent=transport=dt_socket,embedding=1,server=y,suspend=n,address=127.0.0.1:56092
Begin MonoManager ReloadAssembly
Registering precompiled unity dll's ...
Register platform support module: D:/Unity Engines/2021.3.10f1/Editor/Data/PlaybackEngines/WebGLSupport/UnityEditor.WebGL.Extensions.dll
Register platform support module: D:/Unity Engines/2021.3.10f1/Editor/Data/PlaybackEngines/WindowsStandaloneSupport/UnityEditor.WindowsStandalone.Extensions.dll
Registered in 0.004426 seconds.
Native extension for WindowsStandalone target not found
Native extension for WebGL target not found
Refreshing native plugins compatible for Editor in 126.73 ms, found 4 plugins.
Preloading 0 native plugins for Editor in 0.00 ms.
Mono: successfully reloaded assembly
- Completed reload, in  0.918 seconds
Domain Reload Profiling:
	ReloadAssembly (919ms)
		BeginReloadAssembly (104ms)
			ExecutionOrderSort (0ms)
			DisableScriptedObjects (0ms)
			BackupInstance (0ms)
			ReleaseScriptingObjects (0ms)
			CreateAndSetChildDomain (1ms)
		EndReloadAssembly (667ms)
			LoadAssemblies (103ms)
			RebuildTransferFunctionScriptingTraits (0ms)
			SetupTypeCache (138ms)
			ReleaseScriptCaches (0ms)
			RebuildScriptCaches (44ms)
			SetupLoadedEditorAssemblies (411ms)
				LogAssemblyErrors (0ms)
				InitializePlatformSupportModulesInManaged (12ms)
				SetLoadedEditorAssemblies (0ms)
				RefreshPlugins (127ms)
				BeforeProcessingInitializeOnLoad (2ms)
				ProcessInitializeOnLoadAttributes (204ms)
				ProcessInitializeOnLoadMethodAttributes (66ms)
				AfterProcessingInitializeOnLoad (0ms)
				EditorAssembliesLoaded (0ms)
			ExecutionOrderSort2 (0ms)
			AwakeInstancesAfterBackupRestoration (0ms)
Platform modules already initialized, skipping
Registering precompiled user dll's ...
Registered in 0.011480 seconds.
Begin MonoManager ReloadAssembly
Symbol file LoadedFromMemory doesn't match image D:\Unity Projects\UnidosGameJam\Library\PackageCache\com.unity.visualscripting@1.7.8\Editor\VisualScripting.Core\Dependencies\DotNetZip\Unity.VisualScripting.IonicZip.dll
Symbol file LoadedFromMemory doesn't match image D:\Unity Projects\UnidosGameJam\Library\PackageCache\com.unity.visualscripting@1.7.8\Editor\VisualScripting.Core\Dependencies\YamlDotNet\Unity.VisualScripting.YamlDotNet.dll
Native extension for WindowsStandalone target not found
Native extension for WebGL target not found
Refreshing native plugins compatible for Editor in 1.42 ms, found 4 plugins.
Preloading 0 native plugins for Editor in 0.00 ms.
Mono: successfully reloaded assembly
- Completed reload, in  1.863 seconds
Domain Reload Profiling:
	ReloadAssembly (1864ms)
		BeginReloadAssembly (153ms)
			ExecutionOrderSort (0ms)
			DisableScriptedObjects (8ms)
			BackupInstance (0ms)
			ReleaseScriptingObjects (0ms)
			CreateAndSetChildDomain (26ms)
		EndReloadAssembly (1575ms)
			LoadAssemblies (106ms)
			RebuildTransferFunctionScriptingTraits (0ms)
			SetupTypeCache (316ms)
			ReleaseScriptCaches (1ms)
			RebuildScriptCaches (76ms)
			SetupLoadedEditorAssemblies (1026ms)
				LogAssemblyErrors (0ms)
				InitializePlatformSupportModulesInManaged (8ms)
				SetLoadedEditorAssemblies (1ms)
				RefreshPlugins (2ms)
				BeforeProcessingInitializeOnLoad (114ms)
				ProcessInitializeOnLoadAttributes (711ms)
				ProcessInitializeOnLoadMethodAttributes (187ms)
				AfterProcessingInitializeOnLoad (5ms)
				EditorAssembliesLoaded (0ms)
			ExecutionOrderSort2 (0ms)
			AwakeInstancesAfterBackupRestoration (10ms)
Platform modules already initialized, skipping
========================================================================
Worker process is ready to serve import requests
Launched and connected shader compiler UnityShaderCompiler.exe after 0.06 seconds
Refreshing native plugins compatible for Editor in 1.38 ms, found 4 plugins.
Preloading 0 native plugins for Editor in 0.00 ms.
Unloading 3769 Unused Serialized files (Serialized files now loaded: 0)
Unloading 116 unused Assets / (116.5 KB). Loaded Objects now: 4138.
Memory consumption went from 132.0 MB to 131.9 MB.
Total: 4.672800 ms (FindLiveObjects: 0.403300 ms CreateObjectMapping: 0.112300 ms MarkObjects: 3.956500 ms  DeleteObjects: 0.199400 ms)

AssetImportParameters requested are different than current active one (requested -> active):
  custom:video-decoder-ogg-theora: a1e56fd34408186e4bbccfd4996cb3dc -> 
  custom:container-muxer-webm: aa71ff27fc2769a1b78a27578f13a17b -> 
  custom:container-demuxer-webm: 4f35f7cbe854078d1ac9338744f61a02 -> 
  custom:video-encoder-webm-vp8: eb34c28f22e8b96e1ab97ce403110664 -> 
  custom:audio-encoder-webm-vorbis: bf7c407c2cedff20999df2af8eb42d56 -> 
  custom:framework-win-MediaFoundation: 216162199b28c13a410421893ffa2e32 -> 
  custom:container-demuxer-ogg: 62fdf1f143b41e24485cea50d1cbac27 -> 
  custom:video-decoder-webm-vp8: 9c59270c3fd7afecdb556c50c9e8de78 -> 
  custom:audio-decoder-ogg-vorbis: bf7c407c2cedff20999df2af8eb42d56 -> 
========================================================================
Received Import Request.
  Time since last request: 1512.637602 seconds.
  path: Assets/Wwise/API/Runtime/Handwritten/Common/Arrays/AkTriangleArray.cs
  artifactKey: Guid(bd87fab435c2e184890b9a66a57dbcb0) Importer(2089858483,0ecaa5967403d082aa24f35e1b516d23)
Start importing Assets/Wwise/API/Runtime/Handwritten/Common/Arrays/AkTriangleArray.cs using Guid(bd87fab435c2e184890b9a66a57dbcb0) Importer(2089858483,0ecaa5967403d082aa24f35e1b516d23) Generated GUIDs only implemented for interfaces!
 -> (artifact id: 'd2e8db9e47a99351fe3483325ebe070b') in 0.150024 seconds 
========================================================================
Received Import Request.
  Time since last request: 0.000028 seconds.
  path: Assets/Wwise/API/Runtime/Plugins/Android/x86/DSP/libAuro.so
  artifactKey: Guid(1abbc887a5e2a4b0fad897bd7ff269d6) Importer(2089858483,0ecaa5967403d082aa24f35e1b516d23)
Start importing Assets/Wwise/API/Runtime/Plugins/Android/x86/DSP/libAuro.so using Guid(1abbc887a5e2a4b0fad897bd7ff269d6) Importer(2089858483,0ecaa5967403d082aa24f35e1b516d23) Generated GUIDs only implemented for interfaces!
 -> (artifact id: '160edcb2cfc0235d2589b9f328d02b2b') in 0.021409 seconds 
========================================================================
Received Import Request.
  Time since last request: 0.000031 seconds.
  path: Assets/Wwise/API/Runtime/WwiseTypes/WwiseObjects/WwiseAcousticTextureReference.cs
  artifactKey: Guid(b31e442e2fae5a249a88944cf103d87c) Importer(2089858483,0ecaa5967403d082aa24f35e1b516d23)
Start importing Assets/Wwise/API/Runtime/WwiseTypes/WwiseObjects/WwiseAcousticTextureReference.cs using Guid(b31e442e2fae5a249a88944cf103d87c) Importer(2089858483,0ecaa5967403d082aa24f35e1b516d23) Generated GUIDs only implemented for interfaces!
 -> (artifact id: 'b645c4c071f1369c774fe2b77b643809') in 0.007652 seconds 
========================================================================
Received Import Request.
  Time since last request: 0.000029 seconds.
  path: Assets/Wwise/API/Runtime/Handwritten/WAAPI/Wamp.cs
  artifactKey: Guid(67754cf4ce7819f4c9152116687090f9) Importer(2089858483,0ecaa5967403d082aa24f35e1b516d23)
Start importing Assets/Wwise/API/Runtime/Handwritten/WAAPI/Wamp.cs using Guid(67754cf4ce7819f4c9152116687090f9) Importer(2089858483,0ecaa5967403d082aa24f35e1b516d23) Generated GUIDs only implemented for interfaces!
 -> (artifact id: '7710f628fcac9e97ca26304c0b938e89') in 0.006898 seconds 
========================================================================
Received Import Request.
  Time since last request: 0.000031 seconds.
  path: Assets/Wwise/API/Runtime/Handwritten/Common/AkShowOnlyAttribute.cs
  artifactKey: Guid(dc2dc5037e9622a4fafa4eb1b7de7127) Importer(2089858483,0ecaa5967403d082aa24f35e1b516d23)
Start importing Assets/Wwise/API/Runtime/Handwritten/Common/AkShowOnlyAttribute.cs using Guid(dc2dc5037e9622a4fafa4eb1b7de7127) Importer(2089858483,0ecaa5967403d082aa24f35e1b516d23) Generated GUIDs only implemented for interfaces!
 -> (artifact id: 'cf20730f164a74d2c1467e9115490da6') in 0.007677 seconds 
========================================================================
Received Import Request.
  Time since last request: 0.000039 seconds.
  path: Assets/Wwise/API/Runtime/WwiseTypes/WwiseObjects/WwiseSwitchGroupReference.cs
  artifactKey: Guid(d39eec74297717c46b28f09370849d81) Importer(2089858483,0ecaa5967403d082aa24f35e1b516d23)
Start importing Assets/Wwise/API/Runtime/WwiseTypes/WwiseObjects/WwiseSwitchGroupReference.cs using Guid(d39eec74297717c46b28f09370849d81) Importer(2089858483,0ecaa5967403d082aa24f35e1b516d23) Generated GUIDs only implemented for interfaces!
 -> (artifact id: 'b3e86ac962ef7ebcb751f0c7eaa47b7c') in 0.007350 seconds 
========================================================================
Received Import Request.
  Time since last request: 0.000029 seconds.
  path: Assets/Wwise/API/Runtime/Handwritten/Common/Arrays/AkMIDIPostArray.cs
  artifactKey: Guid(effe6f03d130eec4ab3325804a22d955) Importer(2089858483,0ecaa5967403d082aa24f35e1b516d23)
Start importing Assets/Wwise/API/Runtime/Handwritten/Common/Arrays/AkMIDIPostArray.cs using Guid(effe6f03d130eec4ab3325804a22d955) Importer(2089858483,0ecaa5967403d082aa24f35e1b516d23) Generated GUIDs only implemented for interfaces!
 -> (artifact id: 'a33c9792deb9bc9c42b90416f5f7c38a') in 0.007462 seconds 
========================================================================
Received Import Request.
  Time since last request: 0.000026 seconds.
  path: Assets/Wwise/API/Runtime/Plugins/Mac/DSP/libAkSoundSeedAir.bundle
  artifactKey: Guid(241365a0b12b9f449860018e1fe23b80) Importer(2089858483,0ecaa5967403d082aa24f35e1b516d23)
Start importing Assets/Wwise/API/Runtime/Plugins/Mac/DSP/libAkSoundSeedAir.bundle using Guid(241365a0b12b9f449860018e1fe23b80) Importer(2089858483,0ecaa5967403d082aa24f35e1b516d23) Generated GUIDs only implemented for interfaces!
 -> (artifact id: 'e290ad38d8235ab9d37e1b90208676c5') in 0.011084 seconds 
========================================================================
Received Import Request.
  Time since last request: 0.000024 seconds.
  path: Assets/Wwise/API/Runtime/Plugins/Windows/x86/DSP/AkConvolutionReverb.dll
  artifactKey: Guid(cdd5f736feffcf64dbcf34bd6ea44a9f) Importer(2089858483,0ecaa5967403d082aa24f35e1b516d23)
Start importing Assets/Wwise/API/Runtime/Plugins/Windows/x86/DSP/AkConvolutionReverb.dll using Guid(cdd5f736feffcf64dbcf34bd6ea44a9f) Importer(2089858483,0ecaa5967403d082aa24f35e1b516d23) Generated GUIDs only implemented for interfaces!
 -> (artifact id: '4295ae4991b10e9d1742fab83232561b') in 0.011452 seconds 
========================================================================
Received Import Request.
  Time since last request: 0.000026 seconds.
  path: Assets/Wwise/API/Runtime/Plugins/Mac/DSP/libMasteringSuite.bundle
  artifactKey: Guid(e7e5017523258c446bbab09baebf204e) Importer(2089858483,0ecaa5967403d082aa24f35e1b516d23)
Start importing Assets/Wwise/API/Runtime/Plugins/Mac/DSP/libMasteringSuite.bundle using Guid(e7e5017523258c446bbab09baebf204e) Importer(2089858483,0ecaa5967403d082aa24f35e1b516d23) Generated GUIDs only implemented for interfaces!
 -> (artifact id: 'cb7ec275b9600fc0f336b692668225c4') in 0.011899 seconds 
========================================================================
Received Import Request.
  Time since last request: 0.000031 seconds.
  path: Assets/Wwise/API/Runtime/Handwritten/Common/Arrays/AkDeviceDescriptionArray.cs
  artifactKey: Guid(325d93d30c5407d41a9e1245962b29da) Importer(2089858483,0ecaa5967403d082aa24f35e1b516d23)
Start importing Assets/Wwise/API/Runtime/Handwritten/Common/Arrays/AkDeviceDescriptionArray.cs using Guid(325d93d30c5407d41a9e1245962b29da) Importer(2089858483,0ecaa5967403d082aa24f35e1b516d23) Generated GUIDs only implemented for interfaces!
 -> (artifact id: 'f9099fbca76b95ac596ad6cdb22c137e') in 0.006855 seconds 
========================================================================
Received Import Request.
  Time since last request: 0.000036 seconds.
  path: Assets/Wwise/API/Runtime/Generated/Common/AkPlaylist.cs
  artifactKey: Guid(040f8afa1a78b10429caf9ce2d6973fa) Importer(2089858483,0ecaa5967403d082aa24f35e1b516d23)
Start importing Assets/Wwise/API/Runtime/Generated/Common/AkPlaylist.cs using Guid(040f8afa1a78b10429caf9ce2d6973fa) Importer(2089858483,0ecaa5967403d082aa24f35e1b516d23) Generated GUIDs only implemented for interfaces!
 -> (artifact id: 'fe39b4b3fc8fb213074f538d5763078a') in 0.006708 seconds 
========================================================================
Received Import Request.
  Time since last request: 0.000124 seconds.
  path: Assets/Wwise/API/Runtime/Plugins/Mac/DSP/libAkTremolo.bundle
  artifactKey: Guid(3b6c98c7c1f029b47af62a24d9450e6a) Importer(2089858483,0ecaa5967403d082aa24f35e1b516d23)
Start importing Assets/Wwise/API/Runtime/Plugins/Mac/DSP/libAkTremolo.bundle using Guid(3b6c98c7c1f029b47af62a24d9450e6a) Importer(2089858483,0ecaa5967403d082aa24f35e1b516d23) Generated GUIDs only implemented for interfaces!
 -> (artifact id: 'a1d1eb24e106cd7cba1d3573bc9238fb') in 0.008877 seconds 
========================================================================
Received Import Request.
  Time since last request: 0.000028 seconds.
  path: Assets/Wwise/API/Runtime/Plugins/Mac/DSP/libAuro.bundle
  artifactKey: Guid(a322f3b5697b1c4429ea903c2eadd529) Importer(2089858483,0ecaa5967403d082aa24f35e1b516d23)
Start importing Assets/Wwise/API/Runtime/Plugins/Mac/DSP/libAuro.bundle using Guid(a322f3b5697b1c4429ea903c2eadd529) Importer(2089858483,0ecaa5967403d082aa24f35e1b516d23) Generated GUIDs only implemented for interfaces!
 -> (artifact id: 'daf303f928b2f735cf4c7d7189d7cc0d') in 0.009087 seconds 
========================================================================
Received Import Request.
  Time since last request: 0.000029 seconds.
  path: Assets/Wwise/API/Runtime/Plugins/Android/arm64-v8a/DSP/libAkSoundSeedImpact.so
  artifactKey: Guid(42568d77ceac249319004c0bf4ee95cc) Importer(2089858483,0ecaa5967403d082aa24f35e1b516d23)
Start importing Assets/Wwise/API/Runtime/Plugins/Android/arm64-v8a/DSP/libAkSoundSeedImpact.so using Guid(42568d77ceac249319004c0bf4ee95cc) Importer(2089858483,0ecaa5967403d082aa24f35e1b516d23) Generated GUIDs only implemented for interfaces!
 -> (artifact id: '574d4ffeeaaba20ad0ac24323395cd50') in 0.008973 seconds 
========================================================================
Received Import Request.
  Time since last request: 0.000033 seconds.
  path: Assets/Wwise/API/Runtime/Plugins/Android/arm64-v8a/Profile/libAkSoundEngine.so
  artifactKey: Guid(4bcb5ea83acc9426db14146ade68b28f) Importer(2089858483,0ecaa5967403d082aa24f35e1b516d23)
Start importing Assets/Wwise/API/Runtime/Plugins/Android/arm64-v8a/Profile/libAkSoundEngine.so using Guid(4bcb5ea83acc9426db14146ade68b28f) Importer(2089858483,0ecaa5967403d082aa24f35e1b516d23) Generated GUIDs only implemented for interfaces!
 -> (artifact id: 'e85bff7d01175d30f069a6070a27652a') in 0.008633 seconds 
========================================================================
Received Import Request.
  Time since last request: 0.000025 seconds.
  path: Assets/Wwise/API/Runtime/WwiseTypes/WwiseObjects/WwiseAuxBusReference.cs
  artifactKey: Guid(d9b1e0c08fd98304d947b157e78a8829) Importer(2089858483,0ecaa5967403d082aa24f35e1b516d23)
Start importing Assets/Wwise/API/Runtime/WwiseTypes/WwiseObjects/WwiseAuxBusReference.cs using Guid(d9b1e0c08fd98304d947b157e78a8829) Importer(2089858483,0ecaa5967403d082aa24f35e1b516d23) Generated GUIDs only implemented for interfaces!
 -> (artifact id: '44ba27a79836ddcafeb0adf9818c97f7') in 0.006775 seconds 
========================================================================
Received Import Request.
  Time since last request: 0.000034 seconds.
  path: Assets/Wwise/API/Runtime/Plugins/Windows/x86/DSP/AkSoundEngineDLL.pdb
  artifactKey: Guid(7db717392081bd84bb2fbc6119d6ffad) Importer(2089858483,0ecaa5967403d082aa24f35e1b516d23)
Start importing Assets/Wwise/API/Runtime/Plugins/Windows/x86/DSP/AkSoundEngineDLL.pdb using Guid(7db717392081bd84bb2fbc6119d6ffad) Importer(2089858483,0ecaa5967403d082aa24f35e1b516d23) Generated GUIDs only implemented for interfaces!
 -> (artifact id: '5f6c24db041a54096a19a3889a80da37') in 0.017642 seconds 
========================================================================
Received Import Request.
  Time since last request: 0.000025 seconds.
  path: Assets/Wwise/API/Runtime/Plugins/Mac/Release/AkSoundEngine.bundle/Contents/MacOS/AkSoundEngine
  artifactKey: Guid(5dfe97de041b2dd47bbba37acea28103) Importer(2089858483,0ecaa5967403d082aa24f35e1b516d23)
Start importing Assets/Wwise/API/Runtime/Plugins/Mac/Release/AkSoundEngine.bundle/Contents/MacOS/AkSoundEngine using Guid(5dfe97de041b2dd47bbba37acea28103) Importer(2089858483,0ecaa5967403d082aa24f35e1b516d23) Generated GUIDs only implemented for interfaces!
 -> (artifact id: '9dead7c95e452e4b36d3df8e126709e5') in 0.006718 seconds 
========================================================================
Received Import Request.
  Time since last request: 0.000041 seconds.
  path: Assets/Wwise/API/Runtime/Plugins/Windows/x86_64/DSP/SFTest.exe
  artifactKey: Guid(c53e37fef04281445b1004abd0a7c9f1) Importer(2089858483,0ecaa5967403d082aa24f35e1b516d23)
Start importing Assets/Wwise/API/Runtime/Plugins/Windows/x86_64/DSP/SFTest.exe using Guid(c53e37fef04281445b1004abd0a7c9f1) Importer(2089858483,0ecaa5967403d082aa24f35e1b516d23) Generated GUIDs only implemented for interfaces!
 -> (artifact id: '11931fb4eaa9e5100bfa00b44f235d80') in 0.009101 seconds 
========================================================================
Received Import Request.
  Time since last request: 0.000024 seconds.
  path: Assets/Wwise/API/Runtime/Plugins/Windows/x86_64/DSP/iZotope.pdb
  artifactKey: Guid(1da3ed9b6a27c2848b6203d9d746e60c) Importer(2089858483,0ecaa5967403d082aa24f35e1b516d23)
Start importing Assets/Wwise/API/Runtime/Plugins/Windows/x86_64/DSP/iZotope.pdb using Guid(1da3ed9b6a27c2848b6203d9d746e60c) Importer(2089858483,0ecaa5967403d082aa24f35e1b516d23) Generated GUIDs only implemented for interfaces!
 -> (artifact id: 'cef1c442e3e254f602aa4d2863b6df4e') in 0.005837 seconds 
========================================================================
Received Import Request.
  Time since last request: 0.000027 seconds.
  path: Assets/Wwise/API/Runtime/Plugins/Windows/x86/DSP/MSSpatial.pdb
  artifactKey: Guid(e56cbb5a99d32ed45a5f33499f0ac937) Importer(2089858483,0ecaa5967403d082aa24f35e1b516d23)
Start importing Assets/Wwise/API/Runtime/Plugins/Windows/x86/DSP/MSSpatial.pdb using Guid(e56cbb5a99d32ed45a5f33499f0ac937) Importer(2089858483,0ecaa5967403d082aa24f35e1b516d23) Generated GUIDs only implemented for interfaces!
 -> (artifact id: '7603ee857448307ee983c5c6b6737950') in 0.005669 seconds 
========================================================================
Received Import Request.
  Time since last request: 0.000022 seconds.
  path: Assets/Wwise/API/Runtime/Plugins/Mac/Release/AkSoundEngine.bundle.dSYM/Contents/Info.plist
  artifactKey: Guid(0021657299c2ec14eb0ec65b3a18f5a1) Importer(2089858483,0ecaa5967403d082aa24f35e1b516d23)
Start importing Assets/Wwise/API/Runtime/Plugins/Mac/Release/AkSoundEngine.bundle.dSYM/Contents/Info.plist using Guid(0021657299c2ec14eb0ec65b3a18f5a1) Importer(2089858483,0ecaa5967403d082aa24f35e1b516d23) Generated GUIDs only implemented for interfaces!
 -> (artifact id: '206e5ec07725c22d8841f46139b7a9ba') in 0.008387 seconds 
========================================================================
Received Import Request.
  Time since last request: 0.000031 seconds.
  path: Assets/Wwise/API/Runtime/Plugins/Windows/x86_64/DSP/Auro.dll
  artifactKey: Guid(edf01e3656ee31346b722301dcf29394) Importer(2089858483,0ecaa5967403d082aa24f35e1b516d23)
Start importing Assets/Wwise/API/Runtime/Plugins/Windows/x86_64/DSP/Auro.dll using Guid(edf01e3656ee31346b722301dcf29394) Importer(2089858483,0ecaa5967403d082aa24f35e1b516d23) Generated GUIDs only implemented for interfaces!
 -> (artifact id: '60995f97ea5ea8d4de962ac5db2d6584') in 0.007083 seconds 
========================================================================
Received Import Request.
  Time since last request: 0.000026 seconds.
  path: Assets/Wwise/API/Runtime/Plugins/Windows/x86_64/DSP/AkSoundSeedGrain.dll
  artifactKey: Guid(423062bcc8999284085989542833a068) Importer(2089858483,0ecaa5967403d082aa24f35e1b516d23)
Start importing Assets/Wwise/API/Runtime/Plugins/Windows/x86_64/DSP/AkSoundSeedGrain.dll using Guid(423062bcc8999284085989542833a068) Importer(2089858483,0ecaa5967403d082aa24f35e1b516d23) Generated GUIDs only implemented for interfaces!
 -> (artifact id: '7895aa549d6d06ef1e0a94009f9393f9') in 0.008263 seconds 
========================================================================
Received Import Request.
  Time since last request: 0.000024 seconds.
  path: Assets/Wwise/API/Runtime/Plugins/Windows/x86/DSP/iZotope.dll
  artifactKey: Guid(5fc3362fa8c143a4d9391271b6436bbb) Importer(2089858483,0ecaa5967403d082aa24f35e1b516d23)
Start importing Assets/Wwise/API/Runtime/Plugins/Windows/x86/DSP/iZotope.dll using Guid(5fc3362fa8c143a4d9391271b6436bbb) Importer(2089858483,0ecaa5967403d082aa24f35e1b516d23) Generated GUIDs only implemented for interfaces!
 -> (artifact id: '7591f48266e6284a2170e55341324189') in 0.007958 seconds 
========================================================================
Received Import Request.
  Time since last request: 0.000027 seconds.
  path: Assets/Wwise/API/Runtime/Plugins/Windows/x86_64/DSP/iZotope.dll
  artifactKey: Guid(12c8726d570dd0049a2800c5c0266c90) Importer(2089858483,0ecaa5967403d082aa24f35e1b516d23)
Start importing Assets/Wwise/API/Runtime/Plugins/Windows/x86_64/DSP/iZotope.dll using Guid(12c8726d570dd0049a2800c5c0266c90) Importer(2089858483,0ecaa5967403d082aa24f35e1b516d23) Generated GUIDs only implemented for interfaces!
 -> (artifact id: '8cfe15c49a9c55593dce0ecf7e159994') in 0.006858 seconds 
========================================================================
Received Import Request.
  Time since last request: 0.000023 seconds.
  path: Assets/Wwise/API/Runtime/Plugins/Mac/Profile/AkSoundEngine.bundle/Contents/_CodeSignature/CodeResources
  artifactKey: Guid(3b329f85087ebfb4ba5b54cc0a404a08) Importer(2089858483,0ecaa5967403d082aa24f35e1b516d23)
Start importing Assets/Wwise/API/Runtime/Plugins/Mac/Profile/AkSoundEngine.bundle/Contents/_CodeSignature/CodeResources using Guid(3b329f85087ebfb4ba5b54cc0a404a08) Importer(2089858483,0ecaa5967403d082aa24f35e1b516d23) Generated GUIDs only implemented for interfaces!
 -> (artifact id: '152c7883ab7632e0e80aac0c80da6369') in 0.005861 seconds 
========================================================================
Received Import Request.
  Time since last request: 0.000021 seconds.
  path: Assets/Wwise/API/Runtime/Plugins/Mac/Release/AkSoundEngine.bundle/Contents/_CodeSignature/CodeResources
  artifactKey: Guid(8a58f1cfef1d2e9449bb91939768bcc3) Importer(2089858483,0ecaa5967403d082aa24f35e1b516d23)
Start importing Assets/Wwise/API/Runtime/Plugins/Mac/Release/AkSoundEngine.bundle/Contents/_CodeSignature/CodeResources using Guid(8a58f1cfef1d2e9449bb91939768bcc3) Importer(2089858483,0ecaa5967403d082aa24f35e1b516d23) Generated GUIDs only implemented for interfaces!
 -> (artifact id: '56ab0c74cb0c6036c33e2bae243cfe5e') in 0.005534 seconds 
========================================================================
Received Import Request.
  Time since last request: 0.000024 seconds.
  path: Assets/Wwise/API/Runtime/Plugins/Windows/x86/DSP/AkSoundSeedAir.dll
  artifactKey: Guid(2dc65070517c5984a8f138a3a94fb412) Importer(2089858483,0ecaa5967403d082aa24f35e1b516d23)
Start importing Assets/Wwise/API/Runtime/Plugins/Windows/x86/DSP/AkSoundSeedAir.dll using Guid(2dc65070517c5984a8f138a3a94fb412) Importer(2089858483,0ecaa5967403d082aa24f35e1b516d23) Generated GUIDs only implemented for interfaces!
 -> (artifact id: '5f8981c1a5d7dcf04a38e1ace7c9b355') in 0.008992 seconds 
========================================================================
Received Import Request.
  Time since last request: 0.000029 seconds.
  path: Assets/Wwise/API/Runtime/Plugins/Mac/Release/AkSoundEngine.bundle/Contents/Info.plist
  artifactKey: Guid(6e70061c0b4195047a67ff0707a5fea8) Importer(2089858483,0ecaa5967403d082aa24f35e1b516d23)
Start importing Assets/Wwise/API/Runtime/Plugins/Mac/Release/AkSoundEngine.bundle/Contents/Info.plist using Guid(6e70061c0b4195047a67ff0707a5fea8) Importer(2089858483,0ecaa5967403d082aa24f35e1b516d23) Generated GUIDs only implemented for interfaces!
 -> (artifact id: 'f8d4d7d476e321a1903e73083e613e1b') in 0.005452 seconds 
========================================================================
Received Import Request.
  Time since last request: 0.000024 seconds.
  path: Assets/Wwise/API/Runtime/Plugins/Windows/x86/DSP/iZotope.pdb
  artifactKey: Guid(0024929bb9572294ba71bc229f910da5) Importer(2089858483,0ecaa5967403d082aa24f35e1b516d23)
Start importing Assets/Wwise/API/Runtime/Plugins/Windows/x86/DSP/iZotope.pdb using Guid(0024929bb9572294ba71bc229f910da5) Importer(2089858483,0ecaa5967403d082aa24f35e1b516d23) Generated GUIDs only implemented for interfaces!
 -> (artifact id: '764d09c84b384d79bff990333f5c6104') in 0.005400 seconds 
========================================================================
Received Import Request.
  Time since last request: 0.000028 seconds.
  path: Assets/Wwise/API/Runtime/Plugins/Windows/x86_64/DSP/AkSoundSeedGrain.pdb
  artifactKey: Guid(b42c9c54be85f4d44bd8a7d62298c287) Importer(2089858483,0ecaa5967403d082aa24f35e1b516d23)
Start importing Assets/Wwise/API/Runtime/Plugins/Windows/x86_64/DSP/AkSoundSeedGrain.pdb using Guid(b42c9c54be85f4d44bd8a7d62298c287) Importer(2089858483,0ecaa5967403d082aa24f35e1b516d23) Generated GUIDs only implemented for interfaces!
 -> (artifact id: 'd62b6737e9f0947b3d2c2e31d17545cc') in 0.005216 seconds 
========================================================================
Received Import Request.
  Time since last request: 0.000027 seconds.
  path: Assets/Wwise/API/Runtime/Plugins/Mac/Debug/AkSoundEngine.bundle/Contents/MacOS/AkSoundEngine
  artifactKey: Guid(ed289fb7aba640441b0a1e370b84a50c) Importer(2089858483,0ecaa5967403d082aa24f35e1b516d23)
Start importing Assets/Wwise/API/Runtime/Plugins/Mac/Debug/AkSoundEngine.bundle/Contents/MacOS/AkSoundEngine using Guid(ed289fb7aba640441b0a1e370b84a50c) Importer(2089858483,0ecaa5967403d082aa24f35e1b516d23) Generated GUIDs only implemented for interfaces!
 -> (artifact id: 'e718c1a0bc937939909ec926e1724f22') in 0.004641 seconds 
========================================================================
Received Import Request.
  Time since last request: 0.000029 seconds.
  path: Assets/Wwise/API/Runtime/Plugins/Mac/Debug/AkSoundEngine.bundle/Contents/Info.plist
  artifactKey: Guid(0330ed13fae56b249b8b4ab9e7bb3c00) Importer(2089858483,0ecaa5967403d082aa24f35e1b516d23)
Start importing Assets/Wwise/API/Runtime/Plugins/Mac/Debug/AkSoundEngine.bundle/Contents/Info.plist using Guid(0330ed13fae56b249b8b4ab9e7bb3c00) Importer(2089858483,0ecaa5967403d082aa24f35e1b516d23) Generated GUIDs only implemented for interfaces!
 -> (artifact id: '4cd2723cdc4486443113aee9acd9363c') in 0.004916 seconds 
========================================================================
Received Import Request.
  Time since last request: 0.000034 seconds.
  path: Assets/Wwise/API/Runtime/Plugins/Mac/Profile/AkSoundEngine.bundle.dSYM/Contents/Info.plist
  artifactKey: Guid(9d5b674a133cb9e4e86972e00c389f9a) Importer(2089858483,0ecaa5967403d082aa24f35e1b516d23)
Start importing Assets/Wwise/API/Runtime/Plugins/Mac/Profile/AkSoundEngine.bundle.dSYM/Contents/Info.plist using Guid(9d5b674a133cb9e4e86972e00c389f9a) Importer(2089858483,0ecaa5967403d082aa24f35e1b516d23) Generated GUIDs only implemented for interfaces!
 -> (artifact id: '95cc667a8361b610eede5bc87e996195') in 0.005448 seconds 
========================================================================
Received Import Request.
  Time since last request: 0.000044 seconds.
  path: Assets/Wwise/API/Runtime/Generated/Common/AkFloorPlane.cs
  artifactKey: Guid(3369cecea3d43414dbab53a039da9efa) Importer(2089858483,0ecaa5967403d082aa24f35e1b516d23)
Start importing Assets/Wwise/API/Runtime/Generated/Common/AkFloorPlane.cs using Guid(3369cecea3d43414dbab53a039da9efa) Importer(2089858483,0ecaa5967403d082aa24f35e1b516d23) Generated GUIDs only implemented for interfaces!
 -> (artifact id: 'bcb6afb1a72ecfb36365b7f4090d6fd4') in 0.005695 seconds 
========================================================================
Received Import Request.
  Time since last request: 0.000025 seconds.
  path: Assets/Wwise/API/Runtime/Generated/Common/AkDiffractionPathInfo.cs
  artifactKey: Guid(7f1441f75697c504587a98d8133c858a) Importer(2089858483,0ecaa5967403d082aa24f35e1b516d23)
Start importing Assets/Wwise/API/Runtime/Generated/Common/AkDiffractionPathInfo.cs using Guid(7f1441f75697c504587a98d8133c858a) Importer(2089858483,0ecaa5967403d082aa24f35e1b516d23) Generated GUIDs only implemented for interfaces!
 -> (artifact id: 'bff5f6cb041ee0d29ba9ad8e42176f1a') in 0.007710 seconds 
========================================================================
Received Import Request.
  Time since last request: 0.000027 seconds.
  path: Assets/Wwise/API/Runtime/Generated/Common/AkCurveInterpolation.cs
  artifactKey: Guid(7b3fce4495129eb47aa5a3672ea9d84d) Importer(2089858483,0ecaa5967403d082aa24f35e1b516d23)
Start importing Assets/Wwise/API/Runtime/Generated/Common/AkCurveInterpolation.cs using Guid(7b3fce4495129eb47aa5a3672ea9d84d) Importer(2089858483,0ecaa5967403d082aa24f35e1b516d23) Generated GUIDs only implemented for interfaces!
 -> (artifact id: '9a3a3a0783d31e091bcf14e74f204f10') in 0.006310 seconds 
========================================================================
Received Import Request.
  Time since last request: 0.000029 seconds.
  path: Assets/Wwise/API/Runtime/Plugins/Windows/x86/DSP/MasteringSuite.dll
  artifactKey: Guid(d063b9ba5662b2c4dbaecb7891877434) Importer(2089858483,0ecaa5967403d082aa24f35e1b516d23)
Start importing Assets/Wwise/API/Runtime/Plugins/Windows/x86/DSP/MasteringSuite.dll using Guid(d063b9ba5662b2c4dbaecb7891877434) Importer(2089858483,0ecaa5967403d082aa24f35e1b516d23) Generated GUIDs only implemented for interfaces!
 -> (artifact id: '8225b6122408a92fe88108edd0767c8b') in 0.009390 seconds 
========================================================================
Received Import Request.
  Time since last request: 0.000029 seconds.
  path: Assets/Wwise/API/Runtime/WwiseTypes/WwiseTypes/AkWwiseBank.cs
  artifactKey: Guid(6767a3294826ef1438d1ec74e2cfa678) Importer(2089858483,0ecaa5967403d082aa24f35e1b516d23)
Start importing Assets/Wwise/API/Runtime/WwiseTypes/WwiseTypes/AkWwiseBank.cs using Guid(6767a3294826ef1438d1ec74e2cfa678) Importer(2089858483,0ecaa5967403d082aa24f35e1b516d23) Generated GUIDs only implemented for interfaces!
 -> (artifact id: 'd0b13ca21784126f48ce7cdc768a1286') in 0.006886 seconds 
========================================================================
Received Import Request.
  Time since last request: 0.000029 seconds.
  path: Assets/Wwise/API/Runtime/Plugins/Windows/x86_64/DSP/AkSoundSeedAir.dll
  artifactKey: Guid(0d87aa96e653b1d4ead891759c0ac574) Importer(2089858483,0ecaa5967403d082aa24f35e1b516d23)
Start importing Assets/Wwise/API/Runtime/Plugins/Windows/x86_64/DSP/AkSoundSeedAir.dll using Guid(0d87aa96e653b1d4ead891759c0ac574) Importer(2089858483,0ecaa5967403d082aa24f35e1b516d23) Generated GUIDs only implemented for interfaces!
 -> (artifact id: '9e90faaaeed442f08e30dc39863f0842') in 0.008110 seconds 
========================================================================
Received Import Request.
  Time since last request: 0.000026 seconds.
  path: Assets/Wwise/API/Runtime/Plugins/Windows/x86_64/DSP/AkConvolutionReverb.pdb
  artifactKey: Guid(bf7ddbbb11c00dc4ca12e6e53750c489) Importer(2089858483,0ecaa5967403d082aa24f35e1b516d23)
Start importing Assets/Wwise/API/Runtime/Plugins/Windows/x86_64/DSP/AkConvolutionReverb.pdb using Guid(bf7ddbbb11c00dc4ca12e6e53750c489) Importer(2089858483,0ecaa5967403d082aa24f35e1b516d23) Generated GUIDs only implemented for interfaces!
 -> (artifact id: '994ee2ed147a9a855db89ece44160578') in 0.006849 seconds 
========================================================================
Received Import Request.
  Time since last request: 0.000028 seconds.
  path: Assets/Wwise/API/Runtime/Generated/Common/AkObstructionOcclusionValues.cs
  artifactKey: Guid(c082901eaf06e2545b9ed30c94c1faea) Importer(2089858483,0ecaa5967403d082aa24f35e1b516d23)
Start importing Assets/Wwise/API/Runtime/Generated/Common/AkObstructionOcclusionValues.cs using Guid(c082901eaf06e2545b9ed30c94c1faea) Importer(2089858483,0ecaa5967403d082aa24f35e1b516d23) Generated GUIDs only implemented for interfaces!
 -> (artifact id: 'bcfac0582c0893b7ed3555b1144b1019') in 0.006925 seconds 
========================================================================
Received Import Request.
  Time since last request: 0.000026 seconds.
  path: Assets/Wwise/API/Runtime/Handwritten/Android/AkAndroidSettings.cs
  artifactKey: Guid(8b0117a02212544abb187395a9da30a9) Importer(2089858483,0ecaa5967403d082aa24f35e1b516d23)
Start importing Assets/Wwise/API/Runtime/Handwritten/Android/AkAndroidSettings.cs using Guid(8b0117a02212544abb187395a9da30a9) Importer(2089858483,0ecaa5967403d082aa24f35e1b516d23) Generated GUIDs only implemented for interfaces!
 -> (artifact id: '61942c1fc740acdcf7378ed3a963edb5') in 0.006480 seconds 
========================================================================
Received Import Request.
  Time since last request: 0.000028 seconds.
  path: Assets/Wwise/API/Runtime/Plugins/Windows/x86_64/DSP/MasteringSuite.dll
  artifactKey: Guid(a76a5eb43fb87cd4290b57a1280025f4) Importer(2089858483,0ecaa5967403d082aa24f35e1b516d23)
Start importing Assets/Wwise/API/Runtime/Plugins/Windows/x86_64/DSP/MasteringSuite.dll using Guid(a76a5eb43fb87cd4290b57a1280025f4) Importer(2089858483,0ecaa5967403d082aa24f35e1b516d23) Generated GUIDs only implemented for interfaces!
 -> (artifact id: '3dbda754de2f3d00d03ad9bbae3297ee') in 0.007636 seconds 
========================================================================
Received Import Request.
  Time since last request: 0.000028 seconds.
  path: Assets/Wwise/API/Runtime/Generated/Common/AkMultiPositionType.cs
  artifactKey: Guid(e0b2bac1b4f66574e8ccf7c764e9dde4) Importer(2089858483,0ecaa5967403d082aa24f35e1b516d23)
Start importing Assets/Wwise/API/Runtime/Generated/Common/AkMultiPositionType.cs using Guid(e0b2bac1b4f66574e8ccf7c764e9dde4) Importer(2089858483,0ecaa5967403d082aa24f35e1b516d23) Generated GUIDs only implemented for interfaces!
 -> (artifact id: 'd1003f683f0dbeb28bff2131aa63691e') in 0.006094 seconds 
========================================================================
Received Import Request.
  Time since last request: 0.000025 seconds.
  path: Assets/Wwise/API/Runtime/Plugins/Windows/x86/Profile/AkSoundEngine.pdb
  artifactKey: Guid(63873ceae3cfec741a59ca1f839b135c) Importer(2089858483,0ecaa5967403d082aa24f35e1b516d23)
Start importing Assets/Wwise/API/Runtime/Plugins/Windows/x86/Profile/AkSoundEngine.pdb using Guid(63873ceae3cfec741a59ca1f839b135c) Importer(2089858483,0ecaa5967403d082aa24f35e1b516d23) Generated GUIDs only implemented for interfaces!
 -> (artifact id: 'aa777e56586baadfdf52694361498e6d') in 0.005278 seconds 
========================================================================
Received Import Request.
  Time since last request: 0.000027 seconds.
  path: Assets/Wwise/API/Runtime/Generated/Mac/AkSoundEnginePINVOKE_Mac.cs
  artifactKey: Guid(2a86b09160ff3fa4c809325937ae6bb3) Importer(2089858483,0ecaa5967403d082aa24f35e1b516d23)
Start importing Assets/Wwise/API/Runtime/Generated/Mac/AkSoundEnginePINVOKE_Mac.cs using Guid(2a86b09160ff3fa4c809325937ae6bb3) Importer(2089858483,0ecaa5967403d082aa24f35e1b516d23) Generated GUIDs only implemented for interfaces!
 -> (artifact id: '6f558368181c02de529ea87181743d08') in 0.008339 seconds 
========================================================================
Received Import Request.
  Time since last request: 0.000028 seconds.
  path: Assets/Wwise/API/Runtime/Generated/Common/AkChannelEmitter.cs
  artifactKey: Guid(63c7cb50335b4b94ea6b66c4819f34da) Importer(2089858483,0ecaa5967403d082aa24f35e1b516d23)
Start importing Assets/Wwise/API/Runtime/Generated/Common/AkChannelEmitter.cs using Guid(63c7cb50335b4b94ea6b66c4819f34da) Importer(2089858483,0ecaa5967403d082aa24f35e1b516d23) Generated GUIDs only implemented for interfaces!
 -> (artifact id: '1664c56b8bef57ce4b9deaab6fdb2d0c') in 0.006883 seconds 
========================================================================
Received Import Request.
  Time since last request: 0.000040 seconds.
  path: Assets/Wwise/API/Runtime/Generated/Common/AkAudioInterruptionCallbackInfo.cs
  artifactKey: Guid(b2e360d16e629d64cb342abaa7b826c4) Importer(2089858483,0ecaa5967403d082aa24f35e1b516d23)
Start importing Assets/Wwise/API/Runtime/Generated/Common/AkAudioInterruptionCallbackInfo.cs using Guid(b2e360d16e629d64cb342abaa7b826c4) Importer(2089858483,0ecaa5967403d082aa24f35e1b516d23) Generated GUIDs only implemented for interfaces!
 -> (artifact id: 'f04964d697eec158d47b56632f7f4519') in 0.006680 seconds 
========================================================================
Received Import Request.
  Time since last request: 0.000031 seconds.
  path: Assets/Wwise/API/Runtime/Generated/Common/AkDurationCallbackInfo.cs
  artifactKey: Guid(16877f0d91ae7f74ca57a1d02d820e28) Importer(2089858483,0ecaa5967403d082aa24f35e1b516d23)
Start importing Assets/Wwise/API/Runtime/Generated/Common/AkDurationCallbackInfo.cs using Guid(16877f0d91ae7f74ca57a1d02d820e28) Importer(2089858483,0ecaa5967403d082aa24f35e1b516d23) Generated GUIDs only implemented for interfaces!
 -> (artifact id: 'af78ba51349195d4b0f5938d4a27781e') in 0.006452 seconds 
========================================================================
Received Import Request.
  Time since last request: 0.000042 seconds.
  path: Assets/Wwise/MonoBehaviour/Editor/EditorPlatformHelpers/Windows/AkWindowsPluginActivator.cs
  artifactKey: Guid(6aa764c17c954d6458c0e527396cc2cb) Importer(2089858483,0ecaa5967403d082aa24f35e1b516d23)
Start importing Assets/Wwise/MonoBehaviour/Editor/EditorPlatformHelpers/Windows/AkWindowsPluginActivator.cs using Guid(6aa764c17c954d6458c0e527396cc2cb) Importer(2089858483,0ecaa5967403d082aa24f35e1b516d23) Generated GUIDs only implemented for interfaces!
 -> (artifact id: '88a3e65b439da11042a3f42bbe317d62') in 0.007676 seconds 
========================================================================
Received Import Request.
  Time since last request: 0.000036 seconds.
  path: Assets/Wwise/MonoBehaviour/Editor/EditorPlatformHelpers/Mac/AkMacPluginActivator.cs
  artifactKey: Guid(0be0086fe154e7242ae3d86e9d833191) Importer(2089858483,0ecaa5967403d082aa24f35e1b516d23)
Start importing Assets/Wwise/MonoBehaviour/Editor/EditorPlatformHelpers/Mac/AkMacPluginActivator.cs using Guid(0be0086fe154e7242ae3d86e9d833191) Importer(2089858483,0ecaa5967403d082aa24f35e1b516d23) Generated GUIDs only implemented for interfaces!
 -> (artifact id: '3733e172a90631717713af35927bab12') in 0.124592 seconds 
========================================================================
Received Import Request.
  Time since last request: 0.000025 seconds.
  path: Assets/Wwise/API/Editor/WwiseMenu/Mac/AkWwiseMenu_Mac.cs
  artifactKey: Guid(f8c36924ce07bfc4fbaf043dea7c0333) Importer(2089858483,0ecaa5967403d082aa24f35e1b516d23)
Start importing Assets/Wwise/API/Editor/WwiseMenu/Mac/AkWwiseMenu_Mac.cs using Guid(f8c36924ce07bfc4fbaf043dea7c0333) Importer(2089858483,0ecaa5967403d082aa24f35e1b516d23) Generated GUIDs only implemented for interfaces!
 -> (artifact id: 'f9b039651d2280012529ed9b7c59776e') in 0.006384 seconds 
========================================================================
Received Import Request.
  Time since last request: 0.000025 seconds.
  path: Assets/Wwise/API/Runtime/Plugins/Android/armeabi-v7a/Profile/libAkSoundEngine.so
  artifactKey: Guid(80689c73567ee4569a508758d3b515d3) Importer(2089858483,0ecaa5967403d082aa24f35e1b516d23)
Start importing Assets/Wwise/API/Runtime/Plugins/Android/armeabi-v7a/Profile/libAkSoundEngine.so using Guid(80689c73567ee4569a508758d3b515d3) Importer(2089858483,0ecaa5967403d082aa24f35e1b516d23) Generated GUIDs only implemented for interfaces!
 -> (artifact id: '9d7c67c2e3e9d71e4e1eb500a73a0624') in 0.008959 seconds 
========================================================================
Received Import Request.
  Time since last request: 0.000031 seconds.
  path: Assets/Wwise/API/Runtime/Plugins/Windows/x86/DSP/AkMotion.pdb
  artifactKey: Guid(312f0728ab87eec4b9a4370f0d924a9d) Importer(2089858483,0ecaa5967403d082aa24f35e1b516d23)
Start importing Assets/Wwise/API/Runtime/Plugins/Windows/x86/DSP/AkMotion.pdb using Guid(312f0728ab87eec4b9a4370f0d924a9d) Importer(2089858483,0ecaa5967403d082aa24f35e1b516d23) Generated GUIDs only implemented for interfaces!
 -> (artifact id: '19cd042521550b0fad97f4d0573e32e4') in 0.004978 seconds 
========================================================================
Received Import Request.
  Time since last request: 0.000025 seconds.
  path: Assets/Wwise/API/Runtime/Handwritten/Common/AkAudioInputManager.cs
  artifactKey: Guid(5fa1004420f90324f96cd2d0e691da62) Importer(2089858483,0ecaa5967403d082aa24f35e1b516d23)
Start importing Assets/Wwise/API/Runtime/Handwritten/Common/AkAudioInputManager.cs using Guid(5fa1004420f90324f96cd2d0e691da62) Importer(2089858483,0ecaa5967403d082aa24f35e1b516d23) Generated GUIDs only implemented for interfaces!
 -> (artifact id: '4e8fd4c0aea0b539a8a097da79129788') in 0.008068 seconds 
========================================================================
Received Import Request.
  Time since last request: 0.000027 seconds.
  path: Assets/Wwise/API/Runtime/Plugins/Windows/x86/Release/AkSoundEngine.pdb
  artifactKey: Guid(52df471986ad0bb47b10d0ee1f73435d) Importer(2089858483,0ecaa5967403d082aa24f35e1b516d23)
Start importing Assets/Wwise/API/Runtime/Plugins/Windows/x86/Release/AkSoundEngine.pdb using Guid(52df471986ad0bb47b10d0ee1f73435d) Importer(2089858483,0ecaa5967403d082aa24f35e1b516d23) Generated GUIDs only implemented for interfaces!
 -> (artifact id: '044b13b992600d5a823975e18cb5ba7f') in 0.005705 seconds 
========================================================================
Received Import Request.
  Time since last request: 0.000039 seconds.
  path: Assets/Wwise/API/Runtime/Generated/Android/AkSoundEngine_Android.cs
  artifactKey: Guid(d1c1d232287204b38b8fb7de45e52de7) Importer(2089858483,0ecaa5967403d082aa24f35e1b516d23)
Start importing Assets/Wwise/API/Runtime/Generated/Android/AkSoundEngine_Android.cs using Guid(d1c1d232287204b38b8fb7de45e52de7) Importer(2089858483,0ecaa5967403d082aa24f35e1b516d23) Generated GUIDs only implemented for interfaces!
 -> (artifact id: 'e412080426a667369b6a11cc58d3ff32') in 0.006731 seconds 
========================================================================
Received Import Request.
  Time since last request: 0.000067 seconds.
  path: Assets/Wwise/API/Runtime/Plugins/Android/armeabi-v7a/DSP/libMcDSP.so
  artifactKey: Guid(75ce61ede03724ea9843a3c2de6ea0e3) Importer(2089858483,0ecaa5967403d082aa24f35e1b516d23)
Start importing Assets/Wwise/API/Runtime/Plugins/Android/armeabi-v7a/DSP/libMcDSP.so using Guid(75ce61ede03724ea9843a3c2de6ea0e3) Importer(2089858483,0ecaa5967403d082aa24f35e1b516d23) Generated GUIDs only implemented for interfaces!
 -> (artifact id: '74c4186c18f43099a3d46b1d88a6b860') in 0.007105 seconds 
========================================================================
Received Import Request.
  Time since last request: 0.000025 seconds.
  path: Assets/Wwise/API/Runtime/Plugins/Windows/x86/DSP/Auro.pdb
  artifactKey: Guid(a5e888b0fa6a76f4c8d2d06db1973e1e) Importer(2089858483,0ecaa5967403d082aa24f35e1b516d23)
Start importing Assets/Wwise/API/Runtime/Plugins/Windows/x86/DSP/Auro.pdb using Guid(a5e888b0fa6a76f4c8d2d06db1973e1e) Importer(2089858483,0ecaa5967403d082aa24f35e1b516d23) Generated GUIDs only implemented for interfaces!
 -> (artifact id: 'c757aceec80460a8e876b3d5fb2657e2') in 0.004739 seconds 
========================================================================
Received Import Request.
  Time since last request: 0.000033 seconds.
  path: Assets/Wwise/API/Runtime/Generated/Common/AkPlaylistArray.cs
  artifactKey: Guid(1c5225bcdaceab142aba328c579cfc8d) Importer(2089858483,0ecaa5967403d082aa24f35e1b516d23)
Start importing Assets/Wwise/API/Runtime/Generated/Common/AkPlaylistArray.cs using Guid(1c5225bcdaceab142aba328c579cfc8d) Importer(2089858483,0ecaa5967403d082aa24f35e1b516d23) Generated GUIDs only implemented for interfaces!
 -> (artifact id: 'c0da95adedb93ca27b420a32a2c8a91d') in 0.006665 seconds 
========================================================================
Received Import Request.
  Time since last request: 0.000031 seconds.
  path: Assets/Wwise/API/Runtime/Handwritten/Common/AkBasePathGetter.cs
  artifactKey: Guid(261e596264836aa4f97c19dc1c2a7840) Importer(2089858483,0ecaa5967403d082aa24f35e1b516d23)
Start importing Assets/Wwise/API/Runtime/Handwritten/Common/AkBasePathGetter.cs using Guid(261e596264836aa4f97c19dc1c2a7840) Importer(2089858483,0ecaa5967403d082aa24f35e1b516d23) Generated GUIDs only implemented for interfaces!
 -> (artifact id: 'a2f2fa29480377008cbc3dc42a5bb44a') in 0.006579 seconds 
Editor requested this worker to shutdown with reason: Scaling down because of idle timeout
AssetImportWorker is now disconnected from the server
Process exiting
Exiting without the bug reporter. Application will terminate with return code 0