Using pre-set license
Built from '2021.3/staging' branch; Version is '2021.3.10f1 (1c7d0df0160b) revision 1867021'; Using compiler version '192829333'; Build Type 'Release'
OS: 'Windows 10  (10.0.19044) 64bit Professional' Language: 'en' Physical Memory: 24510 MB
BatchMode: 1, IsHumanControllingUs: 0, StartBugReporterOnCrash: 0, Is64bit: 1, IsPro: 1

COMMAND LINE ARGUMENTS:
D:\Unity Engines\2021.3.10f1\Editor\Unity.exe
-adb2
-batchMode
-noUpm
-name
AssetImportWorker5
-projectPath
D:/Unity Projects/UnidosGameJam
-logFile
Logs/AssetImportWorker5.log
-srvPort
53441
Successfully changed project path to: D:/Unity Projects/UnidosGameJam
D:/Unity Projects/UnidosGameJam
[UnityMemory] Configuration Parameters - Can be set up in boot.config
    "memorysetup-bucket-allocator-granularity=16"
    "memorysetup-bucket-allocator-bucket-count=8"
    "memorysetup-bucket-allocator-block-size=33554432"
    "memorysetup-bucket-allocator-block-count=8"
    "memorysetup-main-allocator-block-size=16777216"
    "memorysetup-thread-allocator-block-size=16777216"
    "memorysetup-gfx-main-allocator-block-size=16777216"
    "memorysetup-gfx-thread-allocator-block-size=16777216"
    "memorysetup-cache-allocator-block-size=4194304"
    "memorysetup-typetree-allocator-block-size=2097152"
    "memorysetup-profiler-bucket-allocator-granularity=16"
    "memorysetup-profiler-bucket-allocator-bucket-count=8"
    "memorysetup-profiler-bucket-allocator-block-size=33554432"
    "memorysetup-profiler-bucket-allocator-block-count=8"
    "memorysetup-profiler-allocator-block-size=16777216"
    "memorysetup-profiler-editor-allocator-block-size=1048576"
    "memorysetup-temp-allocator-size-main=16777216"
    "memorysetup-job-temp-allocator-block-size=2097152"
    "memorysetup-job-temp-allocator-block-size-background=1048576"
    "memorysetup-job-temp-allocator-reduction-small-platforms=262144"
    "memorysetup-temp-allocator-size-background-worker=32768"
    "memorysetup-temp-allocator-size-job-worker=262144"
    "memorysetup-temp-allocator-size-preload-manager=33554432"
    "memorysetup-temp-allocator-size-nav-mesh-worker=65536"
    "memorysetup-temp-allocator-size-audio-worker=65536"
    "memorysetup-temp-allocator-size-cloud-worker=32768"
    "memorysetup-temp-allocator-size-gi-baking-worker=262144"
    "memorysetup-temp-allocator-size-gfx=262144"
Refreshing native plugins compatible for Editor in 140.33 ms, found 4 plugins.
Preloading 0 native plugins for Editor in 0.00 ms.
Initialize engine version: 2021.3.10f1 (1c7d0df0160b)
[Subsystems] Discovering subsystems at path D:/Unity Engines/2021.3.10f1/Editor/Data/Resources/UnitySubsystems
[Subsystems] Discovering subsystems at path D:/Unity Projects/UnidosGameJam/Assets
GfxDevice: creating device client; threaded=0; jobified=0
Direct3D:
    Version:  Direct3D 11.0 [level 11.1]
    Renderer: Radeon RX 570 Series (ID=0x67df)
    Vendor:   ATI
    VRAM:     8170 MB
    Driver:   30.0.15021.11005
Initialize mono
Mono path[0] = 'D:/Unity Engines/2021.3.10f1/Editor/Data/Managed'
Mono path[1] = 'D:/Unity Engines/2021.3.10f1/Editor/Data/MonoBleedingEdge/lib/mono/unityjit-win32'
Mono config path = 'D:/Unity Engines/2021.3.10f1/Editor/Data/MonoBleedingEdge/etc'
Using monoOptions --debugger-agent=transport=dt_socket,embedding=1,server=y,suspend=n,address=127.0.0.1:56036
Begin MonoManager ReloadAssembly
Registering precompiled unity dll's ...
Register platform support module: D:/Unity Engines/2021.3.10f1/Editor/Data/PlaybackEngines/WebGLSupport/UnityEditor.WebGL.Extensions.dll
Register platform support module: D:/Unity Engines/2021.3.10f1/Editor/Data/PlaybackEngines/WindowsStandaloneSupport/UnityEditor.WindowsStandalone.Extensions.dll
Registered in 0.003946 seconds.
Native extension for WindowsStandalone target not found
Native extension for WebGL target not found
Refreshing native plugins compatible for Editor in 117.46 ms, found 4 plugins.
Preloading 0 native plugins for Editor in 0.00 ms.
Mono: successfully reloaded assembly
- Completed reload, in  0.823 seconds
Domain Reload Profiling:
	ReloadAssembly (823ms)
		BeginReloadAssembly (90ms)
			ExecutionOrderSort (0ms)
			DisableScriptedObjects (0ms)
			BackupInstance (0ms)
			ReleaseScriptingObjects (0ms)
			CreateAndSetChildDomain (1ms)
		EndReloadAssembly (607ms)
			LoadAssemblies (89ms)
			RebuildTransferFunctionScriptingTraits (0ms)
			SetupTypeCache (130ms)
			ReleaseScriptCaches (0ms)
			RebuildScriptCaches (42ms)
			SetupLoadedEditorAssemblies (369ms)
				LogAssemblyErrors (0ms)
				InitializePlatformSupportModulesInManaged (11ms)
				SetLoadedEditorAssemblies (0ms)
				RefreshPlugins (118ms)
				BeforeProcessingInitializeOnLoad (2ms)
				ProcessInitializeOnLoadAttributes (180ms)
				ProcessInitializeOnLoadMethodAttributes (58ms)
				AfterProcessingInitializeOnLoad (0ms)
				EditorAssembliesLoaded (0ms)
			ExecutionOrderSort2 (0ms)
			AwakeInstancesAfterBackupRestoration (0ms)
Platform modules already initialized, skipping
Registering precompiled user dll's ...
Registered in 0.009847 seconds.
Begin MonoManager ReloadAssembly
Symbol file LoadedFromMemory doesn't match image D:\Unity Projects\UnidosGameJam\Library\PackageCache\com.unity.visualscripting@1.7.8\Editor\VisualScripting.Core\Dependencies\DotNetZip\Unity.VisualScripting.IonicZip.dll
Symbol file LoadedFromMemory doesn't match image D:\Unity Projects\UnidosGameJam\Library\PackageCache\com.unity.visualscripting@1.7.8\Editor\VisualScripting.Core\Dependencies\YamlDotNet\Unity.VisualScripting.YamlDotNet.dll
Native extension for WindowsStandalone target not found
Native extension for WebGL target not found
Refreshing native plugins compatible for Editor in 1.41 ms, found 4 plugins.
Preloading 0 native plugins for Editor in 0.00 ms.
Mono: successfully reloaded assembly
- Completed reload, in  1.805 seconds
Domain Reload Profiling:
	ReloadAssembly (1807ms)
		BeginReloadAssembly (142ms)
			ExecutionOrderSort (0ms)
			DisableScriptedObjects (8ms)
			BackupInstance (0ms)
			ReleaseScriptingObjects (0ms)
			CreateAndSetChildDomain (23ms)
		EndReloadAssembly (1529ms)
			LoadAssemblies (102ms)
			RebuildTransferFunctionScriptingTraits (0ms)
			SetupTypeCache (339ms)
			ReleaseScriptCaches (1ms)
			RebuildScriptCaches (77ms)
			SetupLoadedEditorAssemblies (957ms)
				LogAssemblyErrors (0ms)
				InitializePlatformSupportModulesInManaged (8ms)
				SetLoadedEditorAssemblies (1ms)
				RefreshPlugins (2ms)
				BeforeProcessingInitializeOnLoad (114ms)
				ProcessInitializeOnLoadAttributes (663ms)
				ProcessInitializeOnLoadMethodAttributes (164ms)
				AfterProcessingInitializeOnLoad (4ms)
				EditorAssembliesLoaded (0ms)
			ExecutionOrderSort2 (0ms)
			AwakeInstancesAfterBackupRestoration (8ms)
Platform modules already initialized, skipping
========================================================================
Worker process is ready to serve import requests
Launched and connected shader compiler UnityShaderCompiler.exe after 0.05 seconds
Refreshing native plugins compatible for Editor in 1.37 ms, found 4 plugins.
Preloading 0 native plugins for Editor in 0.00 ms.
Unloading 3769 Unused Serialized files (Serialized files now loaded: 0)
Unloading 116 unused Assets / (116.5 KB). Loaded Objects now: 4138.
Memory consumption went from 132.0 MB to 131.9 MB.
Total: 4.574500 ms (FindLiveObjects: 0.388200 ms CreateObjectMapping: 0.110000 ms MarkObjects: 3.908800 ms  DeleteObjects: 0.166100 ms)

AssetImportParameters requested are different than current active one (requested -> active):
  custom:video-decoder-ogg-theora: a1e56fd34408186e4bbccfd4996cb3dc -> 
  custom:container-muxer-webm: aa71ff27fc2769a1b78a27578f13a17b -> 
  custom:container-demuxer-webm: 4f35f7cbe854078d1ac9338744f61a02 -> 
  custom:video-encoder-webm-vp8: eb34c28f22e8b96e1ab97ce403110664 -> 
  custom:audio-encoder-webm-vorbis: bf7c407c2cedff20999df2af8eb42d56 -> 
  custom:framework-win-MediaFoundation: 216162199b28c13a410421893ffa2e32 -> 
  custom:SearchIndexIgnoredProperties: e643bd26f0fe6173181afceb89e7c659 -> 
  custom:container-demuxer-ogg: 62fdf1f143b41e24485cea50d1cbac27 -> 
  custom:video-decoder-webm-vp8: 9c59270c3fd7afecdb556c50c9e8de78 -> 
  custom:audio-decoder-ogg-vorbis: bf7c407c2cedff20999df2af8eb42d56 -> 
========================================================================
Received Import Request.
  Time since last request: 4082.818377 seconds.
  path: Assets/Textures/Sprites/Characters/character2.png
  artifactKey: Guid(a29c5a791824f55418af526a36c62c18) Importer(815301076,1909f56bfc062723c751e8b465ee728b)
Start importing Assets/Textures/Sprites/Characters/character2.png using Guid(a29c5a791824f55418af526a36c62c18) Importer(815301076,1909f56bfc062723c751e8b465ee728b)  -> (artifact id: 'daeca87cbf0ea1a29ac0bcecdf2dc6f8') in 0.325261 seconds 
========================================================================
Received Import Request.
  Time since last request: 0.631242 seconds.
  path: Assets/Textures/Sprites/Characters/character3.png
  artifactKey: Guid(51ecf01da708afc418d48fe045352c96) Importer(2089858483,0ecaa5967403d082aa24f35e1b516d23)
Start importing Assets/Textures/Sprites/Characters/character3.png using Guid(51ecf01da708afc418d48fe045352c96) Importer(2089858483,0ecaa5967403d082aa24f35e1b516d23) Generated GUIDs only implemented for interfaces!
 -> (artifact id: 'b9d88c04eece81bc02f82477c79ff3b7') in 0.162184 seconds 
========================================================================
Received Import Request.
  Time since last request: 668.134653 seconds.
  path: Assets/Textures/Sprites/Food/alpastor2.png
  artifactKey: Guid(8b4986d63983e2a45b14f98386d5cf87) Importer(815301076,1909f56bfc062723c751e8b465ee728b)
Start importing Assets/Textures/Sprites/Food/alpastor2.png using Guid(8b4986d63983e2a45b14f98386d5cf87) Importer(815301076,1909f56bfc062723c751e8b465ee728b)  -> (artifact id: 'e674cd9cc9bc8bf7f813323092cc748f') in 0.013873 seconds 
========================================================================
Received Import Request.
  Time since last request: 0.000035 seconds.
  path: Assets/Textures/Sprites/Food/cebolla.png
  artifactKey: Guid(b6027824420f9334b8d3c13004d2a086) Importer(815301076,1909f56bfc062723c751e8b465ee728b)
Start importing Assets/Textures/Sprites/Food/cebolla.png using Guid(b6027824420f9334b8d3c13004d2a086) Importer(815301076,1909f56bfc062723c751e8b465ee728b)  -> (artifact id: '6229388c7735bef535f5397ccf998420') in 0.011033 seconds 
========================================================================
Received Import Request.
  Time since last request: 0.000031 seconds.
  path: Assets/Textures/Sprites/Food/cilantrro.png
  artifactKey: Guid(40ba23a5bfd6fb348add9a19a8b1bd1b) Importer(815301076,1909f56bfc062723c751e8b465ee728b)
Start importing Assets/Textures/Sprites/Food/cilantrro.png using Guid(40ba23a5bfd6fb348add9a19a8b1bd1b) Importer(815301076,1909f56bfc062723c751e8b465ee728b)  -> (artifact id: '4dbf02189c1678adec5b975179a875d4') in 0.011388 seconds 
========================================================================
Received Import Request.
  Time since last request: 0.000040 seconds.
  path: Assets/Textures/Sprites/Food/carneasada3.png
  artifactKey: Guid(3f26ab8a04a9a2f4c94faa1faee8ef37) Importer(815301076,1909f56bfc062723c751e8b465ee728b)
Start importing Assets/Textures/Sprites/Food/carneasada3.png using Guid(3f26ab8a04a9a2f4c94faa1faee8ef37) Importer(815301076,1909f56bfc062723c751e8b465ee728b)  -> (artifact id: '99bd9a81f181ccd7da2555110e0780ed') in 0.010046 seconds 
========================================================================
Received Import Request.
  Time since last request: 0.950196 seconds.
  path: Assets/Textures/Sprites/Food/cebolla.png
  artifactKey: Guid(b6027824420f9334b8d3c13004d2a086) Importer(2089858483,0ecaa5967403d082aa24f35e1b516d23)
Start importing Assets/Textures/Sprites/Food/cebolla.png using Guid(b6027824420f9334b8d3c13004d2a086) Importer(2089858483,0ecaa5967403d082aa24f35e1b516d23) Generated GUIDs only implemented for interfaces!
 -> (artifact id: '3624815394a76d6f4a647c03d671ad73') in 0.026132 seconds 
========================================================================
Received Import Request.
  Time since last request: 0.000030 seconds.
  path: Assets/Textures/Sprites/Food/alpastor3.png
  artifactKey: Guid(1a0ee2e0a92e75145b2a70cb7566db18) Importer(2089858483,0ecaa5967403d082aa24f35e1b516d23)
Start importing Assets/Textures/Sprites/Food/alpastor3.png using Guid(1a0ee2e0a92e75145b2a70cb7566db18) Importer(2089858483,0ecaa5967403d082aa24f35e1b516d23) Generated GUIDs only implemented for interfaces!
 -> (artifact id: '633fab9214f4c6702ff92dd215909d18') in 0.025569 seconds 
========================================================================
Received Import Request.
  Time since last request: 0.000046 seconds.
  path: Assets/Textures/Sprites/Food/carneasada2.png
  artifactKey: Guid(53ffce1eb502b4642b88a598b0b5e38d) Importer(2089858483,0ecaa5967403d082aa24f35e1b516d23)
Start importing Assets/Textures/Sprites/Food/carneasada2.png using Guid(53ffce1eb502b4642b88a598b0b5e38d) Importer(2089858483,0ecaa5967403d082aa24f35e1b516d23) Generated GUIDs only implemented for interfaces!
 -> (artifact id: 'e46014773df2c6bc568a6c47ba1b9952') in 0.026992 seconds 
========================================================================
Received Import Request.
  Time since last request: 0.000026 seconds.
  path: Assets/Textures/Sprites/Food/alpastor2.png
  artifactKey: Guid(8b4986d63983e2a45b14f98386d5cf87) Importer(2089858483,0ecaa5967403d082aa24f35e1b516d23)
Start importing Assets/Textures/Sprites/Food/alpastor2.png using Guid(8b4986d63983e2a45b14f98386d5cf87) Importer(2089858483,0ecaa5967403d082aa24f35e1b516d23) Generated GUIDs only implemented for interfaces!
 -> (artifact id: '442c243e3e49d1e7d3d00b223d95a131') in 0.028044 seconds 
========================================================================
Received Import Request.
  Time since last request: 14.056876 seconds.
  path: Assets/Textures/Sprites/Food/alpastor3.png
  artifactKey: Guid(1a0ee2e0a92e75145b2a70cb7566db18) Importer(815301076,1909f56bfc062723c751e8b465ee728b)
Start importing Assets/Textures/Sprites/Food/alpastor3.png using Guid(1a0ee2e0a92e75145b2a70cb7566db18) Importer(815301076,1909f56bfc062723c751e8b465ee728b)  -> (artifact id: 'b3b85703ad35c5da626e9af9ebb60fe3') in 0.012032 seconds 
========================================================================
Received Import Request.
  Time since last request: 0.000033 seconds.
  path: Assets/Textures/Sprites/Food/cilantrro.png
  artifactKey: Guid(40ba23a5bfd6fb348add9a19a8b1bd1b) Importer(815301076,1909f56bfc062723c751e8b465ee728b)
Start importing Assets/Textures/Sprites/Food/cilantrro.png using Guid(40ba23a5bfd6fb348add9a19a8b1bd1b) Importer(815301076,1909f56bfc062723c751e8b465ee728b)  -> (artifact id: '5a791958979fded4300e6a51c46bc8c1') in 0.012525 seconds 
========================================================================
Received Import Request.
  Time since last request: 0.000035 seconds.
  path: Assets/Textures/Sprites/Food/carneasada2.png
  artifactKey: Guid(53ffce1eb502b4642b88a598b0b5e38d) Importer(815301076,1909f56bfc062723c751e8b465ee728b)
Start importing Assets/Textures/Sprites/Food/carneasada2.png using Guid(53ffce1eb502b4642b88a598b0b5e38d) Importer(815301076,1909f56bfc062723c751e8b465ee728b)  -> (artifact id: '37119d9f1f859ea18b6d7363cb355f98') in 0.012976 seconds 
========================================================================
Received Import Request.
  Time since last request: 0.907977 seconds.
  path: Assets/Textures/Sprites/Food/cilantrro.png
  artifactKey: Guid(40ba23a5bfd6fb348add9a19a8b1bd1b) Importer(2089858483,0ecaa5967403d082aa24f35e1b516d23)
Start importing Assets/Textures/Sprites/Food/cilantrro.png using Guid(40ba23a5bfd6fb348add9a19a8b1bd1b) Importer(2089858483,0ecaa5967403d082aa24f35e1b516d23) Generated GUIDs only implemented for interfaces!
 -> (artifact id: '60cfa861f28a474543be2cef61233f93') in 0.024709 seconds 
========================================================================
Received Import Request.
  Time since last request: 0.000037 seconds.
  path: Assets/Textures/Sprites/Food/alpastor1.png
  artifactKey: Guid(3c0d2b54e6ce10d40b29f382ae0debbc) Importer(2089858483,0ecaa5967403d082aa24f35e1b516d23)
Start importing Assets/Textures/Sprites/Food/alpastor1.png using Guid(3c0d2b54e6ce10d40b29f382ae0debbc) Importer(2089858483,0ecaa5967403d082aa24f35e1b516d23) Generated GUIDs only implemented for interfaces!
 -> (artifact id: '22d2cc6df9472fb9ae58d74aeb09ac16') in 0.026829 seconds 
========================================================================
Received Import Request.
  Time since last request: 0.000032 seconds.
  path: Assets/Textures/Sprites/Food/carneasada1.png
  artifactKey: Guid(646301a576b62e84382d3ff35b709467) Importer(2089858483,0ecaa5967403d082aa24f35e1b516d23)
Start importing Assets/Textures/Sprites/Food/carneasada1.png using Guid(646301a576b62e84382d3ff35b709467) Importer(2089858483,0ecaa5967403d082aa24f35e1b516d23) Generated GUIDs only implemented for interfaces!
 -> (artifact id: '5e64a4fec409716c61ce559f4a4b85a5') in 0.029153 seconds 
Editor requested this worker to shutdown with reason: Scaling down because of idle timeout
AssetImportWorker is now disconnected from the server
Process exiting
Exiting without the bug reporter. Application will terminate with return code 0